0 info it worked if it ends with ok
1 verbose cli [ '/usr/local/bin/node', '/usr/local/bin/npm', 'adduser' ]
2 info using npm@3.10.8
3 info using node@v6.9.1
4 verbose adduser before first PUT { _id: 'org.couchdb.user:ashish',
4 verbose adduser   name: 'ashish',
4 verbose adduser   password: 'XXXXX',
4 verbose adduser   email: 'adoreashish@gmail.com',
4 verbose adduser   type: 'user',
4 verbose adduser   roles: [],
4 verbose adduser   date: '2016-11-30T11:10:10.500Z' }
5 verbose request uri https://registry.npmjs.org/-/user/org.couchdb.user:ashish
6 verbose request new user, so can't send auth
7 info attempt registry request try #1 at 4:40:10 PM
8 verbose request id d13319854ef81479
9 http request PUT https://registry.npmjs.org/-/user/org.couchdb.user:ashish
10 http 401 https://registry.npmjs.org/-/user/org.couchdb.user:ashish
11 verbose headers { 'content-type': 'application/json',
11 verbose headers   'cache-control': 'max-age=300',
11 verbose headers   'content-length': '46',
11 verbose headers   'accept-ranges': 'bytes',
11 verbose headers   date: 'Wed, 30 Nov 2016 11:10:06 GMT',
11 verbose headers   via: '1.1 varnish',
11 verbose headers   connection: 'keep-alive',
11 verbose headers   'x-served-by': 'cache-sjc3630-SJC',
11 verbose headers   'x-cache': 'MISS',
11 verbose headers   'x-cache-hits': '0',
11 verbose headers   'x-timer': 'S1480504205.987352,VS0,VE116',
11 verbose headers   vary: 'Accept-Encoding' }
12 verbose request invalidating /Users/a0k00ee/.npm/registry.npmjs.org/-/user/org.couchdb.user_3Aashish on PUT
13 verbose adduser back [ { Error: Registry returned 401 for PUT on https://registry.npmjs.org/-/user/org.couchdb.user:ashish
13 verbose adduser       at makeError (/usr/local/lib/node_modules/npm/node_modules/npm-registry-client/lib/request.js:302:12)
13 verbose adduser       at CachingRegistryClient.<anonymous> (/usr/local/lib/node_modules/npm/node_modules/npm-registry-client/lib/request.js:280:14)
13 verbose adduser       at Request._callback (/usr/local/lib/node_modules/npm/node_modules/npm-registry-client/lib/request.js:210:14)
13 verbose adduser       at Request.self.callback (/usr/local/lib/node_modules/npm/node_modules/request/request.js:187:22)
13 verbose adduser       at emitTwo (events.js:106:13)
13 verbose adduser       at Request.emit (events.js:191:7)
13 verbose adduser       at Request.<anonymous> (/usr/local/lib/node_modules/npm/node_modules/request/request.js:1044:10)
13 verbose adduser       at emitOne (events.js:96:13)
13 verbose adduser       at Request.emit (events.js:188:7)
13 verbose adduser       at IncomingMessage.<anonymous> (/usr/local/lib/node_modules/npm/node_modules/request/request.js:965:12) statusCode: 401, code: 'E401' },
13 verbose adduser   { ok: false, id: 'org.couchdb.user:undefined' },
13 verbose adduser   '{"ok":false,"id":"org.couchdb.user:undefined"}' ]
14 warn adduser Incorrect username or password
14 warn adduser You can reset your account by visiting:
14 warn adduser
14 warn adduser     https://npmjs.org/forgot
15 verbose stack Error: Registry returned 401 for PUT on https://registry.npmjs.org/-/user/org.couchdb.user:ashish
15 verbose stack     at makeError (/usr/local/lib/node_modules/npm/node_modules/npm-registry-client/lib/request.js:302:12)
15 verbose stack     at CachingRegistryClient.<anonymous> (/usr/local/lib/node_modules/npm/node_modules/npm-registry-client/lib/request.js:280:14)
15 verbose stack     at Request._callback (/usr/local/lib/node_modules/npm/node_modules/npm-registry-client/lib/request.js:210:14)
15 verbose stack     at Request.self.callback (/usr/local/lib/node_modules/npm/node_modules/request/request.js:187:22)
15 verbose stack     at emitTwo (events.js:106:13)
15 verbose stack     at Request.emit (events.js:191:7)
15 verbose stack     at Request.<anonymous> (/usr/local/lib/node_modules/npm/node_modules/request/request.js:1044:10)
15 verbose stack     at emitOne (events.js:96:13)
15 verbose stack     at Request.emit (events.js:188:7)
15 verbose stack     at IncomingMessage.<anonymous> (/usr/local/lib/node_modules/npm/node_modules/request/request.js:965:12)
16 verbose statusCode 401
17 verbose cwd /Users/a0k00ee/Documents/Ashu/learn/node-js/programs
18 error Darwin 16.1.0
19 error argv "/usr/local/bin/node" "/usr/local/bin/npm" "adduser"
20 error node v6.9.1
21 error npm  v3.10.8
22 error code E401
23 error Registry returned 401 for PUT on https://registry.npmjs.org/-/user/org.couchdb.user:ashish
24 error If you need help, you may report this error at:
24 error     <https://github.com/npm/npm/issues>
25 verbose exit [ 1, true ]
